Build started 29-Jul-19 11:46:31 AM.
     1>Project "F:\Marvellous Infosystem\project\VFS\VFS\VFS.vcxproj" on node 2 (build target(s)).
     1>InitializeBuildStatus:
         Touching "Debug\VFS.unsuccessfulbuild".
       ClCompile:
         C:\Program Files (x86)\Microsoft Visual Studio 10.0\VC\bin\CL.exe /c /ZI /nologo /W3 /WX- /Od /Oy- /D WIN32 /D _DEBUG /D _CONSOLE /D _UNICODE /D UNICODE /Gm /EHsc /RTC1 /MDd /GS /fp:precise /Zc:wchar_t /Zc:forScope /Fo"Debug\\" /Fd"Debug\vc100.pdb" /Gd /TP /analyze- /errorReport:prompt main.cpp
         main.cpp
     1>f:\marvellous infosystem\project\vfs\vfs\main.cpp(283): warning C4715: 'rm_File' : not all control paths return a value
     1>f:\marvellous infosystem\project\vfs\vfs\main.cpp(467): warning C4715: 'LseekFile' : not all control paths return a value
     1>f:\marvellous infosystem\project\vfs\vfs\main.cpp(557): warning C4715: 'truncate_File' : not all control paths return a value
       ManifestResourceCompile:
         All outputs are up-to-date.
       Link:
         C:\Program Files (x86)\Microsoft Visual Studio 10.0\VC\bin\link.exe /ERRORREPORT:PROMPT /OUT:"F:\Marvellous Infosystem\project\VFS\Debug\VFS.exe" /INCREMENTAL /NOLOGO kernel32.lib user32.lib gdi32.lib winspool.lib comdlg32.lib advapi32.lib shell32.lib ole32.lib oleaut32.lib uuid.lib odbc32.lib odbccp32.lib /MANIFEST /ManifestFile:"Debug\VFS.exe.intermediate.manifest" /MANIFESTUAC:"level='asInvoker' uiAccess='false'" /DEBUG /PDB:"F:\Marvellous Infosystem\project\VFS\Debug\VFS.pdb" /SUBSYSTEM:CONSOLE /TLBID:1 /DYNAMICBASE /NXCOMPAT /IMPLIB:"F:\Marvellous Infosystem\project\VFS\Debug\VFS.lib" /MACHINE:X86 Debug\VFS.exe.embed.manifest.res
         Debug\main.obj
       Manifest:
         C:\Program Files (x86)\Microsoft SDKs\Windows\v7.0A\bin\mt.exe /nologo /verbose /out:"Debug\VFS.exe.embed.manifest" /manifest Debug\VFS.exe.intermediate.manifest
         All outputs are up-to-date.
       LinkEmbedManifest:
         All outputs are up-to-date.
         VFS.vcxproj -> F:\Marvellous Infosystem\project\VFS\Debug\VFS.exe
       FinalizeBuildStatus:
         Deleting file "Debug\VFS.unsuccessfulbuild".
         Touching "Debug\VFS.lastbuildstate".
     1>Done Building Project "F:\Marvellous Infosystem\project\VFS\VFS\VFS.vcxproj" (build target(s)).

Build succeeded.

Time Elapsed 00:00:00.51
